This is pdfTeX, Version 3.14159265-2.6-1.40.21 (TeX Live 2020) (preloaded format=pdflatex 2020.12.25)  29 JAN 2021 22:33
entering extended mode
 restricted \write18 enabled.
 file:line:error style messages enabled.
 %&-line parsing enabled.
**draft-rjp.tex
(./draft-rjp.tex
LaTeX2e <2020-10-01> patch level 2
L3 programming layer <2020-12-07> xparse <2020-03-03> (./rjparticle.cls
Document Class: rjparticle 2010/11/28  v. 2.0 RJP document LaTeX class
(./rjp_size11.clo
File: rjp_size11.clo 2010/11/28 v1.0 RJP style LaTeX file (page layout)
 (./rjp_fonts.def
File: rjp_fonts.def 2010/08/20 v1.1a font configurations for RJP
)
\s@feTextHeightRJP=\skip47
\s@feTextWidthRJP=\skip48
)
\c@auth@note=\count177
\rjp@head@middle@width=\skip49
\affilsep=\skip50
\@affilsep=\skip51
\c@Maxaffil=\count178
\c@authors=\count179
\c@affil=\count180
\rjp@lastparboxheight=\dimen138
\c@section=\count181
\c@subsection=\count182
\c@subsubsection=\count183
\c@subsubsubsection=\count184
\c@paragraph=\count185
\c@subparagraph=\count186
\bibindent=\dimen139
\abovecaptionskip=\skip52
\belowcaptionskip=\skip53
\c@figure=\count187
\c@table=\count188
\c@rjpEqnArrayCount=\count189

(/usr/local/texlive/2020/texmf-dist/tex/latex/natbib/natbib.sty
Package: natbib 2010/09/13 8.31b (PWD, AO)
\bibhang=\skip54
\bibsep=\skip55
LaTeX Info: Redefining \cite on input line 694.
\c@NAT@ctr=\count190
)
(/usr/local/texlive/2020/texmf-dist/tex/latex/textcase/textcase.sty
Package: textcase 2019/09/14 v1.00 Text only upper/lower case changing (DPC)
)
(/usr/local/texlive/2020/texmf-dist/tex/latex/truncate/truncate.sty
Package: truncate 2001/08/20  ver 3.6
\@Trunc@RestHyph=\toks15
)
(/usr/local/texlive/2020/texmf-dist/tex/latex/amsfonts/amsfonts.sty
Package: amsfonts 2013/01/14 v3.01 Basic AMSFonts support
\@emptytoks=\toks16
\symAMSa=\mathgroup4
\symAMSb=\mathgroup5
LaTeX Font Info:    Redeclaring math symbol \hbar on input line 98.
LaTeX Font Info:    Overwriting math alphabet `\mathfrak' in version `bold'
(Font)                  U/euf/m/n --> U/euf/b/n on input line 106.
)
(/usr/local/texlive/2020/texmf-dist/tex/latex/amsmath/amsmath.sty
Package: amsmath 2020/09/23 v2.17i AMS math features
\@mathmargin=\skip56

For additional information on amsmath, use the `?' option.
(/usr/local/texlive/2020/texmf-dist/tex/latex/amsmath/amstext.sty
Package: amstext 2000/06/29 v2.01 AMS text

(/usr/local/texlive/2020/texmf-dist/tex/latex/amsmath/amsgen.sty
File: amsgen.sty 1999/11/30 v2.0 generic functions
\@emptytoks=\toks17
\ex@=\dimen140
))
(/usr/local/texlive/2020/texmf-dist/tex/latex/amsmath/amsbsy.sty
Package: amsbsy 1999/11/29 v1.2d Bold Symbols
\pmbraise@=\dimen141
)
(/usr/local/texlive/2020/texmf-dist/tex/latex/amsmath/amsopn.sty
Package: amsopn 2016/03/08 v2.02 operator names
)
\inf@bad=\count191
LaTeX Info: Redefining \frac on input line 234.
\uproot@=\count192
\leftroot@=\count193
LaTeX Info: Redefining \overline on input line 399.
\classnum@=\count194
\DOTSCASE@=\count195
LaTeX Info: Redefining \ldots on input line 496.
LaTeX Info: Redefining \dots on input line 499.
LaTeX Info: Redefining \cdots on input line 620.
\Mathstrutbox@=\box47
\strutbox@=\box48
\big@size=\dimen142
LaTeX Font Info:    Redeclaring font encoding OML on input line 743.
LaTeX Font Info:    Redeclaring font encoding OMS on input line 744.
\macc@depth=\count196
\c@MaxMatrixCols=\count197
\dotsspace@=\muskip16
\c@parentequation=\count198
\dspbrk@lvl=\count199
\tag@help=\toks18
\row@=\count266
\column@=\count267
\maxfields@=\count268
\andhelp@=\toks19
\eqnshift@=\dimen143
\alignsep@=\dimen144
\tagshift@=\dimen145
\tagwidth@=\dimen146
\totwidth@=\dimen147
\lineht@=\dimen148
\@envbody=\toks20
\multlinegap=\skip57
\multlinetaggap=\skip58
\mathdisplay@stack=\toks21
LaTeX Info: Redefining \[ on input line 2923.
LaTeX Info: Redefining \] on input line 2924.
)
(/usr/local/texlive/2020/texmf-dist/tex/latex/amsfonts/amssymb.sty
Package: amssymb 2013/01/14 v3.01 AMS font symbols
)
(/usr/local/texlive/2020/texmf-dist/tex/latex/xcolor/xcolor.sty
Package: xcolor 2016/05/11 v2.12 LaTeX color extensions (UK)

(/usr/local/texlive/2020/texmf-dist/tex/latex/graphics-cfg/color.cfg
File: color.cfg 2016/01/02 v1.6 sample color configuration
)
Package xcolor Info: Driver file: pdftex.def on input line 225.

(/usr/local/texlive/2020/texmf-dist/tex/latex/graphics-def/pdftex.def
File: pdftex.def 2020/10/05 v1.2a Graphics/color driver for pdftex
)
Package xcolor Info: Model `cmy' substituted by `cmy0' on input line 1348.
Package xcolor Info: Model `hsb' substituted by `rgb' on input line 1352.
Package xcolor Info: Model `RGB' extended on input line 1364.
Package xcolor Info: Model `HTML' substituted by `rgb' on input line 1366.
Package xcolor Info: Model `Hsb' substituted by `hsb' on input line 1367.
Package xcolor Info: Model `tHsb' substituted by `hsb' on input line 1368.
Package xcolor Info: Model `HSB' substituted by `hsb' on input line 1369.
Package xcolor Info: Model `Gray' substituted by `gray' on input line 1370.
Package xcolor Info: Model `wave' substituted by `hsb' on input line 1371.

(/usr/local/texlive/2020/texmf-dist/tex/latex/graphics/dvipsnam.def
File: dvipsnam.def 2016/06/17 v3.0m Driver-dependent file (DPC,SPQR)
))
(/usr/local/texlive/2020/texmf-dist/tex/latex/lineno/lineno.sty
Package: lineno 2005/11/02 line numbers on paragraphs v4.41
\linenopenalty=\count269
\output=\toks22
\linenoprevgraf=\count270
\linenumbersep=\dimen149
\linenumberwidth=\dimen150
\c@linenumber=\count271
\c@pagewiselinenumber=\count272
\c@LN@truepage=\count273
\c@internallinenumber=\count274
\c@internallinenumbers=\count275
\quotelinenumbersep=\dimen151
\bframerule=\dimen152
\bframesep=\dimen153
\bframebox=\box49
LaTeX Info: Redefining \\ on input line 3056.
)
(/usr/local/texlive/2020/texmf-dist/tex/latex/was/upgreek.sty
Package: upgreek 2003/02/12 v2.0 (WaS)
Package upgreek Info: Using Euler Roman for upright Greek on input line 31.
\symugrf@m=\mathgroup6
LaTeX Font Info:    Overwriting symbol font `ugrf@m' in version `bold'
(Font)                  U/eur/m/n --> U/eur/b/n on input line 38.
)
(/usr/local/texlive/2020/texmf-dist/tex/latex/hyperref/hyperref.sty
Package: hyperref 2020-05-15 v7.00e Hypertext links for LaTeX

(/usr/local/texlive/2020/texmf-dist/tex/generic/ltxcmds/ltxcmds.sty
Package: ltxcmds 2020-05-10 v1.25 LaTeX kernel commands for general use (HO)
)
(/usr/local/texlive/2020/texmf-dist/tex/generic/iftex/iftex.sty
Package: iftex 2020/03/06 v1.0d TeX engine tests
)
(/usr/local/texlive/2020/texmf-dist/tex/generic/pdftexcmds/pdftexcmds.sty
Package: pdftexcmds 2020-06-27 v0.33 Utility functions of pdfTeX for LuaTeX (HO
)

(/usr/local/texlive/2020/texmf-dist/tex/generic/infwarerr/infwarerr.sty
Package: infwarerr 2019/12/03 v1.5 Providing info/warning/error messages (HO)
)
Package pdftexcmds Info: \pdf@primitive is available.
Package pdftexcmds Info: \pdf@ifprimitive is available.
Package pdftexcmds Info: \pdfdraftmode found.
)
(/usr/local/texlive/2020/texmf-dist/tex/latex/graphics/keyval.sty
Package: keyval 2014/10/28 v1.15 key=value parser (DPC)
\KV@toks@=\toks23
)
(/usr/local/texlive/2020/texmf-dist/tex/generic/kvsetkeys/kvsetkeys.sty
Package: kvsetkeys 2019/12/15 v1.18 Key value parser (HO)
)
(/usr/local/texlive/2020/texmf-dist/tex/generic/kvdefinekeys/kvdefinekeys.sty
Package: kvdefinekeys 2019-12-19 v1.6 Define keys (HO)
)
(/usr/local/texlive/2020/texmf-dist/tex/generic/pdfescape/pdfescape.sty
Package: pdfescape 2019/12/09 v1.15 Implements pdfTeX's escape features (HO)
)
(/usr/local/texlive/2020/texmf-dist/tex/latex/hycolor/hycolor.sty
Package: hycolor 2020-01-27 v1.10 Color options for hyperref/bookmark (HO)
)
(/usr/local/texlive/2020/texmf-dist/tex/latex/letltxmacro/letltxmacro.sty
Package: letltxmacro 2019/12/03 v1.6 Let assignment for LaTeX macros (HO)
)
(/usr/local/texlive/2020/texmf-dist/tex/latex/auxhook/auxhook.sty
Package: auxhook 2019-12-17 v1.6 Hooks for auxiliary files (HO)
)
(/usr/local/texlive/2020/texmf-dist/tex/latex/kvoptions/kvoptions.sty
Package: kvoptions 2020-10-07 v3.14 Key value format for package options (HO)
)
\@linkdim=\dimen154
\Hy@linkcounter=\count276
\Hy@pagecounter=\count277

(/usr/local/texlive/2020/texmf-dist/tex/latex/hyperref/pd1enc.def
File: pd1enc.def 2020-05-15 v7.00e Hyperref: PDFDocEncoding definition (HO)
Now handling font encoding PD1 ...
... no UTF-8 mapping file for font encoding PD1
)
(/usr/local/texlive/2020/texmf-dist/tex/generic/intcalc/intcalc.sty
Package: intcalc 2019/12/15 v1.3 Expandable calculations with integers (HO)
)
(/usr/local/texlive/2020/texmf-dist/tex/generic/etexcmds/etexcmds.sty
Package: etexcmds 2019/12/15 v1.7 Avoid name clashes with e-TeX commands (HO)
)
\Hy@SavedSpaceFactor=\count278
Package hyperref Info: Option `bookmarks' set `false' on input line 4338.
Package hyperref Info: Option `raiselinks' set `false' on input line 4338.
Package hyperref Info: Hyper figures OFF on input line 4464.
Package hyperref Info: Link nesting OFF on input line 4469.
Package hyperref Info: Hyper index ON on input line 4472.
Package hyperref Info: Plain pages OFF on input line 4479.
Package hyperref Info: Backreferencing OFF on input line 4484.
Package hyperref Info: Implicit mode ON; LaTeX internals redefined.
Package hyperref Info: Bookmarks OFF on input line 4723.
\c@Hy@tempcnt=\count279

(/usr/local/texlive/2020/texmf-dist/tex/latex/url/url.sty
\Urlmuskip=\muskip17
Package: url 2013/09/16  ver 3.4  Verb mode for urls, etc.
)
LaTeX Info: Redefining \url on input line 5076.
\XeTeXLinkMargin=\dimen155

(/usr/local/texlive/2020/texmf-dist/tex/generic/bitset/bitset.sty
Package: bitset 2019/12/09 v1.3 Handle bit-vector datatype (HO)

(/usr/local/texlive/2020/texmf-dist/tex/generic/bigintcalc/bigintcalc.sty
Package: bigintcalc 2019/12/15 v1.5 Expandable calculations on big integers (HO
)
))
\Fld@menulength=\count280
\Field@Width=\dimen156
\Fld@charsize=\dimen157
Package hyperref Info: Hyper figures OFF on input line 6347.
Package hyperref Info: Link nesting OFF on input line 6352.
Package hyperref Info: Hyper index ON on input line 6355.
Package hyperref Info: backreferencing OFF on input line 6362.
Package hyperref Info: Link coloring OFF on input line 6367.
Package hyperref Info: Link coloring with OCG OFF on input line 6372.
Package hyperref Info: PDF/A mode OFF on input line 6377.
LaTeX Info: Redefining \ref on input line 6417.
LaTeX Info: Redefining \pageref on input line 6421.

(/usr/local/texlive/2020/texmf-dist/tex/latex/base/atbegshi-ltx.sty
Package: atbegshi-ltx 2020/08/17 v1.0a Emulation of the original atbegshi packa
ge
with kernel methods
)
\Hy@abspage=\count281
\c@Item=\count282
\c@Hfootnote=\count283
)
Package hyperref Info: Driver (autodetected): hpdftex.

(/usr/local/texlive/2020/texmf-dist/tex/latex/hyperref/hpdftex.def
File: hpdftex.def 2020-05-15 v7.00e Hyperref driver for pdfTeX

(/usr/local/texlive/2020/texmf-dist/tex/latex/base/atveryend-ltx.sty
Package: atveryend-ltx 2020/08/19 v1.0a Emulation of the original atvery packag
e
with kernel methods
)
\Fld@listcount=\count284
\c@bookmark@seq@number=\count285

(/usr/local/texlive/2020/texmf-dist/tex/latex/rerunfilecheck/rerunfilecheck.sty
Package: rerunfilecheck 2019/12/05 v1.9 Rerun checks for auxiliary files (HO)

(/usr/local/texlive/2020/texmf-dist/tex/generic/uniquecounter/uniquecounter.sty
Package: uniquecounter 2019/12/15 v1.4 Provide unlimited unique counter (HO)
)
Package uniquecounter Info: New unique counter `rerunfilecheck' on input line 2
86.
)
\Hy@SectionHShift=\skip59
) (./rjp_mathdefs.tex))
(/usr/local/texlive/2020/texmf-dist/tex/latex/graphics/graphicx.sty
Package: graphicx 2020/09/09 v1.2b Enhanced LaTeX Graphics (DPC,SPQR)

(/usr/local/texlive/2020/texmf-dist/tex/latex/graphics/graphics.sty
Package: graphics 2020/08/30 v1.4c Standard LaTeX Graphics (DPC,SPQR)

(/usr/local/texlive/2020/texmf-dist/tex/latex/graphics/trig.sty
Package: trig 2016/01/03 v1.10 sin cos tan (DPC)
)
(/usr/local/texlive/2020/texmf-dist/tex/latex/graphics-cfg/graphics.cfg
File: graphics.cfg 2016/06/04 v1.11 sample graphics configuration
)
Package graphics Info: Driver file: pdftex.def on input line 105.
)
\Gin@req@height=\dimen158
\Gin@req@width=\dimen159
)
(/usr/local/texlive/2020/texmf-dist/tex/latex/lipsum/lipsum.sty
(/usr/local/texlive/2020/texmf-dist/tex/latex/l3kernel/expl3.sty
Package: expl3 2020-12-07 L3 programming layer (loader) 

(/usr/local/texlive/2020/texmf-dist/tex/latex/l3backend/l3backend-pdftex.def
File: l3backend-pdftex.def 2020-09-24 L3 backend support: PDF output (pdfTeX)
\l__kernel_color_stack_int=\count286
\l__pdf_internal_box=\box50
))
(/usr/local/texlive/2020/texmf-dist/tex/latex/l3packages/xparse/xparse.sty
Package: xparse 2020-10-27 L3 Experimental document command parser

(/usr/local/texlive/2020/texmf-dist/tex/latex/l3packages/xparse/xparse-generic.
tex))
Package: lipsum 2019/01/02 v2.2 150 paragraphs of Lorem Ipsum dummy text
 (/usr/local/texlive/2020/texmf-dist/tex/latex/lipsum/lipsum.ltd.tex
File: lipsum.ltd.tex 2019/01/02 v2.2 The Lorem ipsum dummy text
))
(/usr/local/texlive/2020/texmf-dist/tex/latex/physics/physics.sty
Package: physics 
)

Class rjparticle Warning: Package "amssymb" implicitly loaded by class... on in
put line 5.


Class rjparticle Warning: Package "amsmath" implicitly loaded by class... on in
put line 6.

(/usr/local/texlive/2020/texmf-dist/tex/latex/enumitem/enumitem.sty
Package: enumitem 2019/06/20 v3.9 Customized lists
\labelindent=\skip60
\enit@outerparindent=\dimen160
\enit@toks=\toks24
\enit@inbox=\box51
\enit@count@id=\count287
\enitdp@description=\count288
)

Class rjparticle Warning: Package "hyperref" implicitly loaded by class... on i
nput line 9.

LaTeX Font Info:    Trying to load font information for U+msa on input line 16.

(/usr/local/texlive/2020/texmf-dist/tex/latex/amsfonts/umsa.fd
File: umsa.fd 2013/01/14 v3.01 AMS symbols A
)
LaTeX Font Info:    Trying to load font information for U+msb on input line 16.


(/usr/local/texlive/2020/texmf-dist/tex/latex/amsfonts/umsb.fd
File: umsb.fd 2013/01/14 v3.01 AMS symbols B
)
(./draft-rjp.aux)
\openout1 = `draft-rjp.aux'.

LaTeX Font Info:    Checking defaults for OML/cmm/m/it on input line 34.
LaTeX Font Info:    ... okay on input line 34.
LaTeX Font Info:    Checking defaults for OMS/cmsy/m/n on input line 34.
LaTeX Font Info:    ... okay on input line 34.
LaTeX Font Info:    Checking defaults for OT1/cmr/m/n on input line 34.
LaTeX Font Info:    ... okay on input line 34.
LaTeX Font Info:    Checking defaults for T1/cmr/m/n on input line 34.
LaTeX Font Info:    ... okay on input line 34.
LaTeX Font Info:    Checking defaults for TS1/cmr/m/n on input line 34.
LaTeX Font Info:    ... okay on input line 34.
LaTeX Font Info:    Checking defaults for OMX/cmex/m/n on input line 34.
LaTeX Font Info:    ... okay on input line 34.
LaTeX Font Info:    Checking defaults for U/cmr/m/n on input line 34.
LaTeX Font Info:    ... okay on input line 34.
LaTeX Font Info:    Checking defaults for PD1/pdf/m/n on input line 34.
LaTeX Font Info:    ... okay on input line 34.

(/usr/local/texlive/2020/texmf-dist/tex/context/base/mkii/supp-pdf.mkii
[Loading MPS to PDF converter (version 2006.09.02).]
\scratchcounter=\count289
\scratchdimen=\dimen161
\scratchbox=\box52
\nofMPsegments=\count290
\nofMParguments=\count291
\everyMPshowfont=\toks25
\MPscratchCnt=\count292
\MPscratchDim=\dimen162
\MPnumerator=\count293
\makeMPintoPDFobject=\count294
\everyMPtoPDFconversion=\toks26
) (/usr/local/texlive/2020/texmf-dist/tex/latex/epstopdf-pkg/epstopdf-base.sty
Package: epstopdf-base 2020-01-24 v2.11 Base part for package epstopdf

(/usr/local/texlive/2020/texmf-dist/tex/latex/grfext/grfext.sty
Package: grfext 2019/12/03 v1.3 Manage graphics extensions (HO)
)
Package epstopdf-base Info: Redefining graphics rule for `.eps' on input line 4
85.
Package grfext Info: Graphics extension search list:
(grfext)             [.pdf,.png,.jpg,.mps,.jpeg,.jbig2,.jb2,.PDF,.PNG,.JPG,.JPE
G,.JBIG2,.JB2,.eps]
(grfext)             \AppendGraphicsExtensions on input line 504.

(/usr/local/texlive/2020/texmf-dist/tex/latex/latexconfig/epstopdf-sys.cfg
File: epstopdf-sys.cfg 2010/07/13 v1.3 Configuration of (r)epstopdf for TeX Liv
e
))
Package hyperref Info: Link coloring OFF on input line 34.

(/usr/local/texlive/2020/texmf-dist/tex/latex/hyperref/nameref.sty
Package: nameref 2019/09/16 v2.46 Cross-referencing by name of section

(/usr/local/texlive/2020/texmf-dist/tex/latex/refcount/refcount.sty
Package: refcount 2019/12/15 v3.6 Data extraction from label references (HO)
)
(/usr/local/texlive/2020/texmf-dist/tex/generic/gettitlestring/gettitlestring.s
ty
Package: gettitlestring 2019/12/15 v1.6 Cleanup title references (HO)
)
\c@section@level=\count295
)
LaTeX Info: Redefining \ref on input line 34.
LaTeX Info: Redefining \pageref on input line 34.
LaTeX Info: Redefining \nameref on input line 34.
LaTeX Font Info:    Font shape `OT1/phv/m/n' will be
(Font)              scaled to size 5.10004pt on input line 37.
\rjp@boxa=\box53
 [1{/usr/local/texlive/2020/texmf-var/fonts/map/pdftex/updmap/pdftex.map}]
\rjpHAbox=\box54
\rjpHAtestbox=\box55

[2]
<figs/simple_wobbling_spectrum.pdf, id=56, 419.1798pt x 323.23523pt>
File: figs/simple_wobbling_spectrum.pdf Graphic file (type pdf)
<use figs/simple_wobbling_spectrum.pdf>
Package pdftex.def Info: figs/simple_wobbling_spectrum.pdf  used on input line 
68.
(pdftex.def)             Requested size: 221.40225pt x 170.72693pt.
<figs/wobbling_tilting_axis.pdf, id=57, 164.5347pt x 180.675pt>
File: figs/wobbling_tilting_axis.pdf Graphic file (type pdf)
<use figs/wobbling_tilting_axis.pdf>
Package pdftex.def Info: figs/wobbling_tilting_axis.pdf  used on input line 74.

(pdftex.def)             Requested size: 118.07864pt x 129.66408pt.

Underfull \vbox (badness 6032) has occurred while \output is active []

 [3 <./figs/simple_wobbling_spectrum.pdf> <./figs/wobbling_tilting_axis.pdf>]
Overfull \hbox (4.91238pt too wide) in paragraph at lines 88--89
[]\OT1/ptm/m/n/10.95 Some ad-di-tional progress to-wards a more com-pre-hen-siv
e wob-bling spec-troscopy
 []

\rjpHAbox=\box56
\rjpHAtestbox=\box57
[4]
<figs/wobbling_Regimes_updated.pdf, id=168, 355.3275pt x 196.8153pt>
File: figs/wobbling_Regimes_updated.pdf Graphic file (type pdf)
<use figs/wobbling_Regimes_updated.pdf>
Package pdftex.def Info: figs/wobbling_Regimes_updated.pdf  used on input line 
108.
(pdftex.def)             Requested size: 319.79178pt x 177.13213pt.
 [5]
<figs/wobbling_Regimes_COUPLING_SCHEME.pdf, id=182, 599.35919pt x 189.8292pt>
File: figs/wobbling_Regimes_COUPLING_SCHEME.pdf Graphic file (type pdf)
<use figs/wobbling_Regimes_COUPLING_SCHEME.pdf>
Package pdftex.def Info: figs/wobbling_Regimes_COUPLING_SCHEME.pdf  used on inp
ut line 119.
(pdftex.def)             Requested size: 350.54887pt x 111.0279pt.
\rjpHAbox=\box58
\rjpHAtestbox=\box59
 [6 <./figs/wobbling_Regimes_updated.pdf>]
Underfull \vbox (badness 10000) has occurred while \output is active []

 [7 <./figs/wobbling_Regimes_COUPLING_SCHEME.pdf>]
Underfull \vbox (badness 10000) has occurred while \output is active []

\rjpHAbox=\box60
\rjpHAtestbox=\box61
 [8]
LaTeX Font Info:    Trying to load font information for TS1+ptm on input line 1
41.

(/usr/local/texlive/2020/texmf-dist/tex/latex/psnfss/ts1ptm.fd
File: ts1ptm.fd 2001/06/04 font definitions for TS1/ptm.
) [9]
\rjpHAbox=\box62
\rjpHAtestbox=\box63
 [10]
Underfull \vbox (badness 10000) has occurred while \output is active []

 [11]
\rjpHAbox=\box64
\rjpHAtestbox=\box65

[12] [13]
<figs/coupling_schemes_C1C2C3.pdf, id=388, 502.99919pt x 319.1925pt>
File: figs/coupling_schemes_C1C2C3.pdf Graphic file (type pdf)
<use figs/coupling_schemes_C1C2C3.pdf>
Package pdftex.def Info: figs/coupling_schemes_C1C2C3.pdf  used on input line 2
20.
(pdftex.def)             Requested size: 326.94559pt x 207.47266pt.
\rjpHAbox=\box66
\rjpHAtestbox=\box67
 [14] [15 <./figs/coupling_schemes_C1C2C3.pdf>]
\rjpHAbox=\box68
\rjpHAtestbox=\box69
 [16] [17]
\rjpHAbox=\box70
\rjpHAtestbox=\box71
 [18]
Overfull \hbox (32.7071pt too wide) detected at line 317
[]
 []


Underfull \vbox (badness 10000) has occurred while \output is active []

 [19]
Underfull \vbox (badness 10000) has occurred while \output is active []

\rjpHAbox=\box72
\rjpHAtestbox=\box73
 [20]
[21]
Overfull \hbox (22.06848pt too wide) in paragraph at lines 400--401
[]\OT1/ptm/m/n/10.95 Acting with the to-tal par-ity op-er-a-tor de-fined above,
 on the trial func-tion $\OT1/cmr/m/n/10.95 	([]; [])$
 []


Underfull \vbox (badness 6559) has occurred while \output is active []

\rjpHAbox=\box74
\rjpHAtestbox=\box75
 [22]
Overfull \hbox (34.07588pt too wide) detected at line 428
[]
 []

<figs/3-axis_spherical_coordinates.pdf, id=531, 305.22029pt x 258.9675pt>
File: figs/3-axis_spherical_coordinates.pdf Graphic file (type pdf)
<use figs/3-axis_spherical_coordinates.pdf>
Package pdftex.def Info: figs/3-axis_spherical_coordinates.pdf  used on input l
ine 447.
(pdftex.def)             Requested size: 228.91466pt x 194.22513pt.

Overfull \hbox (0.86827pt too wide) detected at line 456
[]
 []


Underfull \vbox (badness 3138) has occurred while \output is active []

 [23]
\rjpHAbox=\box76
\rjpHAtestbox=\box77

[24 <./figs/3-axis_spherical_coordinates.pdf>] [25]
Overfull \hbox (23.52618pt too wide) in paragraph at lines 495--506
 [][] 
 []


Underfull \vbox (badness 1242) has occurred while \output is active []

\rjpHAbox=\box78
\rjpHAtestbox=\box79
 [26]
<figs/DoubleShift_TSD1.pdf, id=588, 361.35pt x 301.125pt>
File: figs/DoubleShift_TSD1.pdf Graphic file (type pdf)
<use figs/DoubleShift_TSD1.pdf>
Package pdftex.def Info: figs/DoubleShift_TSD1.pdf  used on input line 532.
(pdftex.def)             Requested size: 198.74312pt x 165.61925pt.

Overfull \hbox (14.24312pt too wide) in paragraph at lines 532--533
 [][] 
 []

<figs/DoubleShift_TSD2.pdf, id=589, 361.35pt x 301.125pt>
File: figs/DoubleShift_TSD2.pdf Graphic file (type pdf)
<use figs/DoubleShift_TSD2.pdf>
Package pdftex.def Info: figs/DoubleShift_TSD2.pdf  used on input line 536.
(pdftex.def)             Requested size: 198.74312pt x 165.61925pt.

Overfull \hbox (14.24312pt too wide) in paragraph at lines 536--537
 [][] 
 []

<figs/DoubleShift_TSD3.pdf, id=594, 361.35pt x 301.125pt>
File: figs/DoubleShift_TSD3.pdf Graphic file (type pdf)
<use figs/DoubleShift_TSD3.pdf>
Package pdftex.def Info: figs/DoubleShift_TSD3.pdf  used on input line 546.
(pdftex.def)             Requested size: 198.74312pt x 165.61925pt.

Overfull \hbox (14.24312pt too wide) in paragraph at lines 546--547
 [][] 
 []

<figs/DoubleShift_TSD4.pdf, id=595, 361.35pt x 310.15875pt>
File: figs/DoubleShift_TSD4.pdf Graphic file (type pdf)
<use figs/DoubleShift_TSD4.pdf>
Package pdftex.def Info: figs/DoubleShift_TSD4.pdf  used on input line 550.
(pdftex.def)             Requested size: 198.74312pt x 170.58783pt.

Overfull \hbox (14.24312pt too wide) in paragraph at lines 550--551
 [][] 
 []

[27 <./figs/DoubleShift_TSD1.pdf> <./figs/DoubleShift_TSD2.pdf

pdfTeX warning: pdflatex (file ./figs/DoubleShift_TSD2.pdf): PDF inclusion: mul
tiple pdfs with page group included in a single page
>]
<figs/hydro_mois.pdf, id=718, 419.1798pt x 328.95189pt>
File: figs/hydro_mois.pdf Graphic file (type pdf)
<use figs/hydro_mois.pdf>
Package pdftex.def Info: figs/hydro_mois.pdf  used on input line 570.
(pdftex.def)             Requested size: 209.58937pt x 164.47552pt.

Overfull \hbox (25.08937pt too wide) in paragraph at lines 570--571
 [][] 
 []

<figs/wobbling-frequencies.pdf, id=719, 408.06969pt x 321.0224pt>
File: figs/wobbling-frequencies.pdf Graphic file (type pdf)
<use figs/wobbling-frequencies.pdf>
Package pdftex.def Info: figs/wobbling-frequencies.pdf  used on input line 574.

(pdftex.def)             Requested size: 204.03433pt x 160.5108pt.

Overfull \hbox (19.53433pt too wide) in paragraph at lines 574--575
 [][] 
 []


Underfull \vbox (badness 10000) has occurred while \output is active []

\rjpHAbox=\box80
\rjpHAtestbox=\box81
 [28 <./figs/DoubleShift_TSD3.pdf> <./figs/DoubleShift_TSD4.pdf

pdfTeX warning: pdflatex (file ./figs/DoubleShift_TSD4.pdf): PDF inclusion: mul
tiple pdfs with page group included in a single page
>]
Underfull \vbox (badness 10000) has occurred while \output is active []

 [29 <./figs/hydro_mois.pdf> <./figs/wobbling-frequencies.pdf

pdfTeX warning: pdflatex (file ./figs/wobbling-frequencies.pdf): PDF inclusion:
 multiple pdfs with page group included in a single page
>]
<figs/contour-tsd1.pdf, id=905, 297.11pt x 438.63875pt>
File: figs/contour-tsd1.pdf Graphic file (type pdf)
<use figs/contour-tsd1.pdf>
Package pdftex.def Info: figs/contour-tsd1.pdf  used on input line 592.
(pdftex.def)             Requested size: 148.55463pt x 219.31883pt.
<figs/contour-tsd2.pdf, id=906, 276.03125pt x 438.63875pt>
File: figs/contour-tsd2.pdf Graphic file (type pdf)
<use figs/contour-tsd2.pdf>
Package pdftex.def Info: figs/contour-tsd2.pdf  used on input line 596.
(pdftex.def)             Requested size: 138.01527pt x 219.31883pt.
\rjpHAbox=\box82
\rjpHAtestbox=\box83
 [30 <./figs/contour-tsd1.pdf> <./figs/contour-tsd2.pdf

pdfTeX warning: pdflatex (file ./figs/contour-tsd2.pdf): PDF inclusion: multipl
e pdfs with page group included in a single page
>]
<figs/contour-tsd3.pdf, id=1058, 287.0725pt x 438.63875pt>
File: figs/contour-tsd3.pdf Graphic file (type pdf)
<use figs/contour-tsd3.pdf>
Package pdftex.def Info: figs/contour-tsd3.pdf  used on input line 608.
(pdftex.def)             Requested size: 143.53589pt x 219.31883pt.
<figs/contour-tsd4.pdf, id=1059, 287.0725pt x 438.63875pt>
File: figs/contour-tsd4.pdf Graphic file (type pdf)
<use figs/contour-tsd4.pdf>
Package pdftex.def Info: figs/contour-tsd4.pdf  used on input line 612.
(pdftex.def)             Requested size: 143.53589pt x 219.31883pt.

Underfull \vbox (badness 10000) has occurred while \output is active []

 [31 <./figs/contour-tsd3.pdf> <./figs/contour-tsd4.pdf

pdfTeX warning: pdflatex (file ./figs/contour-tsd4.pdf): PDF inclusion: multipl
e pdfs with page group included in a single page
>]
<figs/energy_function_minPoint_Evolution.pdf, id=1209, 361.35pt x 346.29375pt>
File: figs/energy_function_minPoint_Evolution.pdf Graphic file (type pdf)
<use figs/energy_function_minPoint_Evolution.pdf>
Package pdftex.def Info: figs/energy_function_minPoint_Evolution.pdf  used on i
nput line 624.
(pdftex.def)             Requested size: 234.87471pt x 225.08826pt.
<figs/energyFunction_minTheta.pdf, id=1214, 361.35pt x 287.0725pt>
File: figs/energyFunction_minTheta.pdf Graphic file (type pdf)
<use figs/energyFunction_minTheta.pdf>
Package pdftex.def Info: figs/energyFunction_minTheta.pdf  used on input line 6
37.
(pdftex.def)             Requested size: 209.58315pt x 166.50215pt.

Overfull \hbox (25.08315pt too wide) in paragraph at lines 637--638
 [][] 
 []

<figs/energyFunction_minVarphi.pdf, id=1215, 361.35pt x 303.1325pt>
File: figs/energyFunction_minVarphi.pdf Graphic file (type pdf)
<use figs/energyFunction_minVarphi.pdf>
Package pdftex.def Info: figs/energyFunction_minVarphi.pdf  used on input line 
641.
(pdftex.def)             Requested size: 198.74312pt x 166.72339pt.

Overfull \hbox (14.24312pt too wide) in paragraph at lines 641--642
 [][] 
 []


Underfull \vbox (badness 10000) has occurred while \output is active []

\rjpHAbox=\box84
\rjpHAtestbox=\box85
 [32 <./figs/energy_function_minPoint_Evolution.pdf>]
<figs/wobbling_energy_ThExp.pdf, id=1302, 432.5422pt x 327.46194pt>
File: figs/wobbling_energy_ThExp.pdf Graphic file (type pdf)
<use figs/wobbling_energy_ThExp.pdf>
Package pdftex.def Info: figs/wobbling_energy_ThExp.pdf  used on input line 655
.
(pdftex.def)             Requested size: 281.14911pt x 212.84773pt.

Underfull \vbox (badness 10000) has occurred while \output is active []

 [33 <./figs/energyFunction_minTheta.pdf> <./figs/energyFunction_minVarphi.pdf

pdfTeX warning: pdflatex (file ./figs/energyFunction_minVarphi.pdf): PDF inclus
ion: multiple pdfs with page group included in a single page
>]
Underfull \vbox (badness 10000) has occurred while \output is active []

\rjpHAbox=\box86
\rjpHAtestbox=\box87
 [34 <./figs/wobbling_energy_ThExp.pdf>]
Package epstopdf Info: Source file: <figs/tsd1_spin1.eps>
(epstopdf)                    date: 2021-01-29 14:28:42
(epstopdf)                    size: 1216971 bytes
(epstopdf)             Output file: <figs/tsd1_spin1-eps-converted-to.pdf>
(epstopdf)                    date: 2021-01-29 14:30:29
(epstopdf)                    size: 149591 bytes
(epstopdf)             Command: <repstopdf --outfile=figs/tsd1_spin1-eps-conver
ted-to.pdf figs/tsd1_spin1.eps>
(epstopdf)             \includegraphics on input line 677.
Package epstopdf Info: Output file is already uptodate.
<figs/tsd1_spin1-eps-converted-to.pdf, id=1479, 415.5525pt x 137.51375pt>
File: figs/tsd1_spin1-eps-converted-to.pdf Graphic file (type pdf)
<use figs/tsd1_spin1-eps-converted-to.pdf>
Package pdftex.def Info: figs/tsd1_spin1-eps-converted-to.pdf  used on input li
ne 677.
(pdftex.def)             Requested size: 290.88477pt x 96.25896pt.
Package epstopdf Info: Source file: <figs/tsd2_spin1.eps>
(epstopdf)                    date: 2021-01-29 14:28:42
(epstopdf)                    size: 1169238 bytes
(epstopdf)             Output file: <figs/tsd2_spin1-eps-converted-to.pdf>
(epstopdf)                    date: 2021-01-29 14:30:30
(epstopdf)                    size: 146524 bytes
(epstopdf)             Command: <repstopdf --outfile=figs/tsd2_spin1-eps-conver
ted-to.pdf figs/tsd2_spin1.eps>
(epstopdf)             \includegraphics on input line 679.
Package epstopdf Info: Output file is already uptodate.
<figs/tsd2_spin1-eps-converted-to.pdf, id=1480, 415.5525pt x 137.51375pt>
File: figs/tsd2_spin1-eps-converted-to.pdf Graphic file (type pdf)
<use figs/tsd2_spin1-eps-converted-to.pdf>
Package pdftex.def Info: figs/tsd2_spin1-eps-converted-to.pdf  used on input li
ne 679.
(pdftex.def)             Requested size: 290.88477pt x 96.25896pt.
Package epstopdf Info: Source file: <figs/tsd3_spin1.eps>
(epstopdf)                    date: 2021-01-29 14:28:42
(epstopdf)                    size: 1154155 bytes
(epstopdf)             Output file: <figs/tsd3_spin1-eps-converted-to.pdf>
(epstopdf)                    date: 2021-01-29 14:30:31
(epstopdf)                    size: 148901 bytes
(epstopdf)             Command: <repstopdf --outfile=figs/tsd3_spin1-eps-conver
ted-to.pdf figs/tsd3_spin1.eps>
(epstopdf)             \includegraphics on input line 688.
Package epstopdf Info: Output file is already uptodate.
<figs/tsd3_spin1-eps-converted-to.pdf, id=1481, 415.5525pt x 137.51375pt>
File: figs/tsd3_spin1-eps-converted-to.pdf Graphic file (type pdf)
<use figs/tsd3_spin1-eps-converted-to.pdf>
Package pdftex.def Info: figs/tsd3_spin1-eps-converted-to.pdf  used on input li
ne 688.
(pdftex.def)             Requested size: 290.88477pt x 96.25896pt.
Package epstopdf Info: Source file: <figs/tsd4_spin1.eps>
(epstopdf)                    date: 2021-01-29 14:28:42
(epstopdf)                    size: 1173218 bytes
(epstopdf)             Output file: <figs/tsd4_spin1-eps-converted-to.pdf>
(epstopdf)                    date: 2021-01-29 14:30:32
(epstopdf)                    size: 147444 bytes
(epstopdf)             Command: <repstopdf --outfile=figs/tsd4_spin1-eps-conver
ted-to.pdf figs/tsd4_spin1.eps>
(epstopdf)             \includegraphics on input line 690.
Package epstopdf Info: Output file is already uptodate.
<figs/tsd4_spin1-eps-converted-to.pdf, id=1482, 415.5525pt x 137.51375pt>
File: figs/tsd4_spin1-eps-converted-to.pdf Graphic file (type pdf)
<use figs/tsd4_spin1-eps-converted-to.pdf>
Package pdftex.def Info: figs/tsd4_spin1-eps-converted-to.pdf  used on input li
ne 690.
(pdftex.def)             Requested size: 290.88477pt x 96.25896pt.
 [35]
\rjpHAbox=\box88
\rjpHAtestbox=\box89
 [36 <./figs/tsd1_spin1-eps-converted-to.pdf> <./figs/tsd2_spin1-eps-converted-
to.pdf> <./figs/tsd3_spin1-eps-converted-to.pdf> <./figs/tsd4_spin1-eps-convert
ed-to.pdf>]
Overfull \hbox (3.23782pt too wide) in paragraph at lines 699--700
[]\OT1/ptm/m/n/10.95 The pur-pose of the present work was two-fold. On one hand
, a de-tailed overview
 []


Underfull \vbox (badness 10000) has occurred while \output is active []

 [37]
\rjpHAbox=\box90
\rjpHAtestbox=\box91

[38]
<figs/W1_model_approach.pdf, id=1535, 563.2242pt x 377.49028pt>
File: figs/W1_model_approach.pdf Graphic file (type pdf)
<use figs/W1_model_approach.pdf>
Package pdftex.def Info: figs/W1_model_approach.pdf  used on input line 721.
(pdftex.def)             Requested size: 394.25426pt x 264.24138pt.

Overfull \hbox (25.25426pt too wide) in paragraph at lines 721--722
 [][] 
 []

<figs/W2_model_approach.pdf, id=1536, 593.3367pt x 413.62529pt>
File: figs/W2_model_approach.pdf Graphic file (type pdf)
<use figs/W2_model_approach.pdf>
Package pdftex.def Info: figs/W2_model_approach.pdf  used on input line 728.
(pdftex.def)             Requested size: 415.33286pt x 289.53572pt.

Overfull \hbox (46.33286pt too wide) in paragraph at lines 728--729
 [][] 
 []

[39]
\rjpHAbox=\box92
\rjpHAtestbox=\box93
 [40 <./figs/W1_model_approach.pdf>] [41 <./figs/W2_model_approach.pdf>]
\rjpHAbox=\box94
\rjpHAtestbox=\box95

[42]
Underfull \vbox (badness 10000) has occurred while \output is active []

 [43]
Underfull \vbox (badness 10000) has occurred while \output is active []

\rjpHAbox=\box96
\rjpHAtestbox=\box97
 [44]
Underfull \vbox (badness 10000) has occurred while \output is active []

 [45]
\rjpHAbox=\box98
\rjpHAtestbox=\box99

[46] (./draft-rjp.aux) ) 
Here is how much of TeX's memory you used:
 9679 strings out of 479382
 146061 string characters out of 5869369
 608857 words of memory out of 5000000
 26358 multiletter control sequences out of 15000+600000
 432633 words of font info for 98 fonts, out of 8000000 for 9000
 1141 hyphenation exceptions out of 8191
 79i,15n,85p,3125b,793s stack positions out of 5000i,500n,10000p,200000b,80000s
{/usr/local/texlive/2020/texmf-dist/fonts/enc/dvips/bas
e/8r.enc}</usr/local/texlive/2020/texmf-dist/fonts/type1/public/amsfonts/cm/cmb
x10.pfb></usr/local/texlive/2020/texmf-dist/fonts/type1/public/amsfonts/cm/cmex
10.pfb></usr/local/texlive/2020/texmf-dist/fonts/type1/public/amsfonts/cmextra/
cmex9.pfb></usr/local/texlive/2020/texmf-dist/fonts/type1/public/amsfonts/cm/cm
mi10.pfb></usr/local/texlive/2020/texmf-dist/fonts/type1/public/amsfonts/cm/cmm
i6.pfb></usr/local/texlive/2020/texmf-dist/fonts/type1/public/amsfonts/cm/cmmi7
.pfb></usr/local/texlive/2020/texmf-dist/fonts/type1/public/amsfonts/cm/cmmi8.p
fb></usr/local/texlive/2020/texmf-dist/fonts/type1/public/amsfonts/cm/cmmi9.pfb
></usr/local/texlive/2020/texmf-dist/fonts/type1/public/amsfonts/cm/cmr10.pfb><
/usr/local/texlive/2020/texmf-dist/fonts/type1/public/amsfonts/cm/cmr6.pfb></us
r/local/texlive/2020/texmf-dist/fonts/type1/public/amsfonts/cm/cmr7.pfb></usr/l
ocal/texlive/2020/texmf-dist/fonts/type1/public/amsfonts/cm/cmr8.pfb></usr/loca
l/texlive/2020/texmf-dist/fonts/type1/public/amsfonts/cm/cmr9.pfb></usr/local/t
exlive/2020/texmf-dist/fonts/type1/public/amsfonts/cm/cmsy10.pfb></usr/local/te
xlive/2020/texmf-dist/fonts/type1/public/amsfonts/cm/cmsy6.pfb></usr/local/texl
ive/2020/texmf-dist/fonts/type1/public/amsfonts/cm/cmsy7.pfb></usr/local/texliv
e/2020/texmf-dist/fonts/type1/public/amsfonts/cm/cmsy8.pfb></usr/local/texlive/
2020/texmf-dist/fonts/type1/public/amsfonts/cm/cmsy9.pfb></usr/local/texlive/20
20/texmf-dist/fonts/type1/public/amsfonts/symbols/msbm10.pfb></usr/local/texliv
e/2020/texmf-dist/fonts/type1/urw/courier/ucrr8a.pfb></usr/local/texlive/2020/t
exmf-dist/fonts/type1/urw/helvetic/uhvr8a.pfb></usr/local/texlive/2020/texmf-di
st/fonts/type1/urw/symbol/usyr.pfb></usr/local/texlive/2020/texmf-dist/fonts/ty
pe1/urw/times/utmb8a.pfb></usr/local/texlive/2020/texmf-dist/fonts/type1/urw/ti
mes/utmr8a.pfb></usr/local/texlive/2020/texmf-dist/fonts/type1/urw/times/utmri8
a.pfb>
Output written on draft-rjp.pdf (46 pages, 3491361 bytes).
PDF statistics:
 1738 PDF objects out of 2073 (max. 8388607)
 1296 compressed objects within 13 object streams
 218 named destinations out of 1000 (max. 500000)
 131 words of extra memory for PDF output out of 10000 (max. 10000000)

