This is pdfTeX, Version 3.14159265-2.6-1.40.21 (TeX Live 2020) (preloaded format=pdflatex 2020.12.25)  20 JAN 2021 20:28
entering extended mode
 restricted \write18 enabled.
 file:line:error style messages enabled.
 %&-line parsing enabled.
**draft.tex
(./draft.tex
LaTeX2e <2020-10-01> patch level 2
L3 programming layer <2020-12-07> xparse <2020-03-03> (./rjparticle.cls
Document Class: rjparticle 2010/11/28  v. 2.0 RJP document LaTeX class
(./rjp_size11.clo
File: rjp_size11.clo 2010/11/28 v1.0 RJP style LaTeX file (page layout)
 (./rjp_fonts.def
File: rjp_fonts.def 2010/08/20 v1.1a font configurations for RJP
)
\s@feTextHeightRJP=\skip47
\s@feTextWidthRJP=\skip48
)
\c@auth@note=\count177
\rjp@head@middle@width=\skip49
\affilsep=\skip50
\@affilsep=\skip51
\c@Maxaffil=\count178
\c@authors=\count179
\c@affil=\count180
\rjp@lastparboxheight=\dimen138
\c@section=\count181
\c@subsection=\count182
\c@subsubsection=\count183
\c@subsubsubsection=\count184
\c@paragraph=\count185
\c@subparagraph=\count186
\bibindent=\dimen139
\abovecaptionskip=\skip52
\belowcaptionskip=\skip53
\c@figure=\count187
\c@table=\count188
\c@rjpEqnArrayCount=\count189

(/usr/local/texlive/2020/texmf-dist/tex/latex/natbib/natbib.sty
Package: natbib 2010/09/13 8.31b (PWD, AO)
\bibhang=\skip54
\bibsep=\skip55
LaTeX Info: Redefining \cite on input line 694.
\c@NAT@ctr=\count190
)
(/usr/local/texlive/2020/texmf-dist/tex/latex/textcase/textcase.sty
Package: textcase 2019/09/14 v1.00 Text only upper/lower case changing (DPC)
)
(/usr/local/texlive/2020/texmf-dist/tex/latex/truncate/truncate.sty
Package: truncate 2001/08/20  ver 3.6
\@Trunc@RestHyph=\toks15
)
(/usr/local/texlive/2020/texmf-dist/tex/latex/amsfonts/amsfonts.sty
Package: amsfonts 2013/01/14 v3.01 Basic AMSFonts support
\@emptytoks=\toks16
\symAMSa=\mathgroup4
\symAMSb=\mathgroup5
LaTeX Font Info:    Redeclaring math symbol \hbar on input line 98.
LaTeX Font Info:    Overwriting math alphabet `\mathfrak' in version `bold'
(Font)                  U/euf/m/n --> U/euf/b/n on input line 106.
)
(/usr/local/texlive/2020/texmf-dist/tex/latex/amsmath/amsmath.sty
Package: amsmath 2020/09/23 v2.17i AMS math features
\@mathmargin=\skip56

For additional information on amsmath, use the `?' option.
(/usr/local/texlive/2020/texmf-dist/tex/latex/amsmath/amstext.sty
Package: amstext 2000/06/29 v2.01 AMS text

(/usr/local/texlive/2020/texmf-dist/tex/latex/amsmath/amsgen.sty
File: amsgen.sty 1999/11/30 v2.0 generic functions
\@emptytoks=\toks17
\ex@=\dimen140
))
(/usr/local/texlive/2020/texmf-dist/tex/latex/amsmath/amsbsy.sty
Package: amsbsy 1999/11/29 v1.2d Bold Symbols
\pmbraise@=\dimen141
)
(/usr/local/texlive/2020/texmf-dist/tex/latex/amsmath/amsopn.sty
Package: amsopn 2016/03/08 v2.02 operator names
)
\inf@bad=\count191
LaTeX Info: Redefining \frac on input line 234.
\uproot@=\count192
\leftroot@=\count193
LaTeX Info: Redefining \overline on input line 399.
\classnum@=\count194
\DOTSCASE@=\count195
LaTeX Info: Redefining \ldots on input line 496.
LaTeX Info: Redefining \dots on input line 499.
LaTeX Info: Redefining \cdots on input line 620.
\Mathstrutbox@=\box47
\strutbox@=\box48
\big@size=\dimen142
LaTeX Font Info:    Redeclaring font encoding OML on input line 743.
LaTeX Font Info:    Redeclaring font encoding OMS on input line 744.
\macc@depth=\count196
\c@MaxMatrixCols=\count197
\dotsspace@=\muskip16
\c@parentequation=\count198
\dspbrk@lvl=\count199
\tag@help=\toks18
\row@=\count266
\column@=\count267
\maxfields@=\count268
\andhelp@=\toks19
\eqnshift@=\dimen143
\alignsep@=\dimen144
\tagshift@=\dimen145
\tagwidth@=\dimen146
\totwidth@=\dimen147
\lineht@=\dimen148
\@envbody=\toks20
\multlinegap=\skip57
\multlinetaggap=\skip58
\mathdisplay@stack=\toks21
LaTeX Info: Redefining \[ on input line 2923.
LaTeX Info: Redefining \] on input line 2924.
)
(/usr/local/texlive/2020/texmf-dist/tex/latex/amsfonts/amssymb.sty
Package: amssymb 2013/01/14 v3.01 AMS font symbols
)
(/usr/local/texlive/2020/texmf-dist/tex/latex/xcolor/xcolor.sty
Package: xcolor 2016/05/11 v2.12 LaTeX color extensions (UK)

(/usr/local/texlive/2020/texmf-dist/tex/latex/graphics-cfg/color.cfg
File: color.cfg 2016/01/02 v1.6 sample color configuration
)
Package xcolor Info: Driver file: pdftex.def on input line 225.

(/usr/local/texlive/2020/texmf-dist/tex/latex/graphics-def/pdftex.def
File: pdftex.def 2020/10/05 v1.2a Graphics/color driver for pdftex
)
Package xcolor Info: Model `cmy' substituted by `cmy0' on input line 1348.
Package xcolor Info: Model `hsb' substituted by `rgb' on input line 1352.
Package xcolor Info: Model `RGB' extended on input line 1364.
Package xcolor Info: Model `HTML' substituted by `rgb' on input line 1366.
Package xcolor Info: Model `Hsb' substituted by `hsb' on input line 1367.
Package xcolor Info: Model `tHsb' substituted by `hsb' on input line 1368.
Package xcolor Info: Model `HSB' substituted by `hsb' on input line 1369.
Package xcolor Info: Model `Gray' substituted by `gray' on input line 1370.
Package xcolor Info: Model `wave' substituted by `hsb' on input line 1371.

(/usr/local/texlive/2020/texmf-dist/tex/latex/graphics/dvipsnam.def
File: dvipsnam.def 2016/06/17 v3.0m Driver-dependent file (DPC,SPQR)
))
(/usr/local/texlive/2020/texmf-dist/tex/latex/lineno/lineno.sty
Package: lineno 2005/11/02 line numbers on paragraphs v4.41
\linenopenalty=\count269
\output=\toks22
\linenoprevgraf=\count270
\linenumbersep=\dimen149
\linenumberwidth=\dimen150
\c@linenumber=\count271
\c@pagewiselinenumber=\count272
\c@LN@truepage=\count273
\c@internallinenumber=\count274
\c@internallinenumbers=\count275
\quotelinenumbersep=\dimen151
\bframerule=\dimen152
\bframesep=\dimen153
\bframebox=\box49
LaTeX Info: Redefining \\ on input line 3056.
)
(/usr/local/texlive/2020/texmf-dist/tex/latex/was/upgreek.sty
Package: upgreek 2003/02/12 v2.0 (WaS)
Package upgreek Info: Using Euler Roman for upright Greek on input line 31.
\symugrf@m=\mathgroup6
LaTeX Font Info:    Overwriting symbol font `ugrf@m' in version `bold'
(Font)                  U/eur/m/n --> U/eur/b/n on input line 38.
)
(/usr/local/texlive/2020/texmf-dist/tex/latex/hyperref/hyperref.sty
Package: hyperref 2020-05-15 v7.00e Hypertext links for LaTeX

(/usr/local/texlive/2020/texmf-dist/tex/generic/ltxcmds/ltxcmds.sty
Package: ltxcmds 2020-05-10 v1.25 LaTeX kernel commands for general use (HO)
)
(/usr/local/texlive/2020/texmf-dist/tex/generic/iftex/iftex.sty
Package: iftex 2020/03/06 v1.0d TeX engine tests
)
(/usr/local/texlive/2020/texmf-dist/tex/generic/pdftexcmds/pdftexcmds.sty
Package: pdftexcmds 2020-06-27 v0.33 Utility functions of pdfTeX for LuaTeX (HO
)

(/usr/local/texlive/2020/texmf-dist/tex/generic/infwarerr/infwarerr.sty
Package: infwarerr 2019/12/03 v1.5 Providing info/warning/error messages (HO)
)
Package pdftexcmds Info: \pdf@primitive is available.
Package pdftexcmds Info: \pdf@ifprimitive is available.
Package pdftexcmds Info: \pdfdraftmode found.
)
(/usr/local/texlive/2020/texmf-dist/tex/latex/graphics/keyval.sty
Package: keyval 2014/10/28 v1.15 key=value parser (DPC)
\KV@toks@=\toks23
)
(/usr/local/texlive/2020/texmf-dist/tex/generic/kvsetkeys/kvsetkeys.sty
Package: kvsetkeys 2019/12/15 v1.18 Key value parser (HO)
)
(/usr/local/texlive/2020/texmf-dist/tex/generic/kvdefinekeys/kvdefinekeys.sty
Package: kvdefinekeys 2019-12-19 v1.6 Define keys (HO)
)
(/usr/local/texlive/2020/texmf-dist/tex/generic/pdfescape/pdfescape.sty
Package: pdfescape 2019/12/09 v1.15 Implements pdfTeX's escape features (HO)
)
(/usr/local/texlive/2020/texmf-dist/tex/latex/hycolor/hycolor.sty
Package: hycolor 2020-01-27 v1.10 Color options for hyperref/bookmark (HO)
)
(/usr/local/texlive/2020/texmf-dist/tex/latex/letltxmacro/letltxmacro.sty
Package: letltxmacro 2019/12/03 v1.6 Let assignment for LaTeX macros (HO)
)
(/usr/local/texlive/2020/texmf-dist/tex/latex/auxhook/auxhook.sty
Package: auxhook 2019-12-17 v1.6 Hooks for auxiliary files (HO)
)
(/usr/local/texlive/2020/texmf-dist/tex/latex/kvoptions/kvoptions.sty
Package: kvoptions 2020-10-07 v3.14 Key value format for package options (HO)
)
\@linkdim=\dimen154
\Hy@linkcounter=\count276
\Hy@pagecounter=\count277

(/usr/local/texlive/2020/texmf-dist/tex/latex/hyperref/pd1enc.def
File: pd1enc.def 2020-05-15 v7.00e Hyperref: PDFDocEncoding definition (HO)
Now handling font encoding PD1 ...
... no UTF-8 mapping file for font encoding PD1
)
(/usr/local/texlive/2020/texmf-dist/tex/generic/intcalc/intcalc.sty
Package: intcalc 2019/12/15 v1.3 Expandable calculations with integers (HO)
)
(/usr/local/texlive/2020/texmf-dist/tex/generic/etexcmds/etexcmds.sty
Package: etexcmds 2019/12/15 v1.7 Avoid name clashes with e-TeX commands (HO)
)
\Hy@SavedSpaceFactor=\count278
Package hyperref Info: Option `debug' set `true' on input line 4338.
Package hyperref Info: Option `bookmarks' set `false' on input line 4338.
Package hyperref Info: Option `raiselinks' set `false' on input line 4338.
Package hyperref Info: Hyper figures OFF on input line 4464.
Package hyperref Info: Link nesting OFF on input line 4469.
Package hyperref Info: Hyper index ON on input line 4472.
Package hyperref Info: Plain pages OFF on input line 4479.
Package hyperref Info: Backreferencing OFF on input line 4484.
Package hyperref Info: Implicit mode ON; LaTeX internals redefined.
Package hyperref Info: Bookmarks OFF on input line 4723.
\c@Hy@tempcnt=\count279

(/usr/local/texlive/2020/texmf-dist/tex/latex/url/url.sty
\Urlmuskip=\muskip17
Package: url 2013/09/16  ver 3.4  Verb mode for urls, etc.
)
LaTeX Info: Redefining \url on input line 5076.
\XeTeXLinkMargin=\dimen155

(/usr/local/texlive/2020/texmf-dist/tex/generic/bitset/bitset.sty
Package: bitset 2019/12/09 v1.3 Handle bit-vector datatype (HO)

(/usr/local/texlive/2020/texmf-dist/tex/generic/bigintcalc/bigintcalc.sty
Package: bigintcalc 2019/12/15 v1.5 Expandable calculations on big integers (HO
)
))
\Fld@menulength=\count280
\Field@Width=\dimen156
\Fld@charsize=\dimen157
Package hyperref Info: Hyper figures OFF on input line 6347.
Package hyperref Info: Link nesting OFF on input line 6352.
Package hyperref Info: Hyper index ON on input line 6355.
Package hyperref Info: backreferencing OFF on input line 6362.
Package hyperref Info: Link coloring OFF on input line 6367.
Package hyperref Info: Link coloring with OCG OFF on input line 6372.
Package hyperref Info: PDF/A mode OFF on input line 6377.
LaTeX Info: Redefining \ref on input line 6417.
LaTeX Info: Redefining \pageref on input line 6421.

(/usr/local/texlive/2020/texmf-dist/tex/latex/base/atbegshi-ltx.sty
Package: atbegshi-ltx 2020/08/17 v1.0a Emulation of the original atbegshi packa
ge
with kernel methods
)
\Hy@abspage=\count281
\c@Item=\count282
\c@Hfootnote=\count283
)
Package hyperref Info: Driver (autodetected): hpdftex.

(/usr/local/texlive/2020/texmf-dist/tex/latex/hyperref/hpdftex.def
File: hpdftex.def 2020-05-15 v7.00e Hyperref driver for pdfTeX

(/usr/local/texlive/2020/texmf-dist/tex/latex/base/atveryend-ltx.sty
Package: atveryend-ltx 2020/08/19 v1.0a Emulation of the original atvery packag
e
with kernel methods
)
\Fld@listcount=\count284
\c@bookmark@seq@number=\count285

(/usr/local/texlive/2020/texmf-dist/tex/latex/rerunfilecheck/rerunfilecheck.sty
Package: rerunfilecheck 2019/12/05 v1.9 Rerun checks for auxiliary files (HO)

(/usr/local/texlive/2020/texmf-dist/tex/generic/uniquecounter/uniquecounter.sty
Package: uniquecounter 2019/12/15 v1.4 Provide unlimited unique counter (HO)
)
Package uniquecounter Info: New unique counter `rerunfilecheck' on input line 2
86.
)
\Hy@SectionHShift=\skip59
) (./rjp_mathdefs.tex))
(/usr/local/texlive/2020/texmf-dist/tex/latex/listings/listings.sty
\lst@mode=\count286
\lst@gtempboxa=\box50
\lst@token=\toks24
\lst@length=\count287
\lst@currlwidth=\dimen158
\lst@column=\count288
\lst@pos=\count289
\lst@lostspace=\dimen159
\lst@width=\dimen160
\lst@newlines=\count290
\lst@lineno=\count291
\lst@maxwidth=\dimen161

(/usr/local/texlive/2020/texmf-dist/tex/latex/listings/lstmisc.sty
File: lstmisc.sty 2020/03/24 1.8d (Carsten Heinz)
\c@lstnumber=\count292
\lst@skipnumbers=\count293
\lst@framebox=\box51
)
(/usr/local/texlive/2020/texmf-dist/tex/latex/listings/listings.cfg
File: listings.cfg 2020/03/24 1.8d listings configuration
))
Package: listings 2020/03/24 1.8d (Carsten Heinz)

(/usr/local/texlive/2020/texmf-dist/tex/latex/graphics/graphicx.sty
Package: graphicx 2020/09/09 v1.2b Enhanced LaTeX Graphics (DPC,SPQR)

(/usr/local/texlive/2020/texmf-dist/tex/latex/graphics/graphics.sty
Package: graphics 2020/08/30 v1.4c Standard LaTeX Graphics (DPC,SPQR)

(/usr/local/texlive/2020/texmf-dist/tex/latex/graphics/trig.sty
Package: trig 2016/01/03 v1.10 sin cos tan (DPC)
)
(/usr/local/texlive/2020/texmf-dist/tex/latex/graphics-cfg/graphics.cfg
File: graphics.cfg 2016/06/04 v1.11 sample graphics configuration
)
Package graphics Info: Driver file: pdftex.def on input line 105.
)
\Gin@req@height=\dimen162
\Gin@req@width=\dimen163
)
LaTeX Font Info:    Trying to load font information for U+msa on input line 6.

(/usr/local/texlive/2020/texmf-dist/tex/latex/amsfonts/umsa.fd
File: umsa.fd 2013/01/14 v3.01 AMS symbols A
)
LaTeX Font Info:    Trying to load font information for U+msb on input line 6.

(/usr/local/texlive/2020/texmf-dist/tex/latex/amsfonts/umsb.fd
File: umsb.fd 2013/01/14 v3.01 AMS symbols B
)
(/usr/local/texlive/2020/texmf-dist/tex/latex/l3backend/l3backend-pdftex.def
File: l3backend-pdftex.def 2020-09-24 L3 backend support: PDF output (pdfTeX)
\l__kernel_color_stack_int=\count294
\l__pdf_internal_box=\box52
)
(./draft.aux)
\openout1 = `draft.aux'.

LaTeX Font Info:    Checking defaults for OML/cmm/m/it on input line 41.
LaTeX Font Info:    ... okay on input line 41.
LaTeX Font Info:    Checking defaults for OMS/cmsy/m/n on input line 41.
LaTeX Font Info:    ... okay on input line 41.
LaTeX Font Info:    Checking defaults for OT1/cmr/m/n on input line 41.
LaTeX Font Info:    ... okay on input line 41.
LaTeX Font Info:    Checking defaults for T1/cmr/m/n on input line 41.
LaTeX Font Info:    ... okay on input line 41.
LaTeX Font Info:    Checking defaults for TS1/cmr/m/n on input line 41.
LaTeX Font Info:    ... okay on input line 41.
LaTeX Font Info:    Checking defaults for OMX/cmex/m/n on input line 41.
LaTeX Font Info:    ... okay on input line 41.
LaTeX Font Info:    Checking defaults for U/cmr/m/n on input line 41.
LaTeX Font Info:    ... okay on input line 41.
LaTeX Font Info:    Checking defaults for PD1/pdf/m/n on input line 41.
LaTeX Font Info:    ... okay on input line 41.

(/usr/local/texlive/2020/texmf-dist/tex/context/base/mkii/supp-pdf.mkii
[Loading MPS to PDF converter (version 2006.09.02).]
\scratchcounter=\count295
\scratchdimen=\dimen164
\scratchbox=\box53
\nofMPsegments=\count296
\nofMParguments=\count297
\everyMPshowfont=\toks25
\MPscratchCnt=\count298
\MPscratchDim=\dimen165
\MPnumerator=\count299
\makeMPintoPDFobject=\count300
\everyMPtoPDFconversion=\toks26
) (/usr/local/texlive/2020/texmf-dist/tex/latex/epstopdf-pkg/epstopdf-base.sty
Package: epstopdf-base 2020-01-24 v2.11 Base part for package epstopdf
Package epstopdf-base Info: Redefining graphics rule for `.eps' on input line 4
85.

(/usr/local/texlive/2020/texmf-dist/tex/latex/latexconfig/epstopdf-sys.cfg
File: epstopdf-sys.cfg 2010/07/13 v1.3 Configuration of (r)epstopdf for TeX Liv
e
))
Package hyperref Info: Link coloring OFF on input line 41.

(/usr/local/texlive/2020/texmf-dist/tex/latex/hyperref/nameref.sty
Package: nameref 2019/09/16 v2.46 Cross-referencing by name of section

(/usr/local/texlive/2020/texmf-dist/tex/latex/refcount/refcount.sty
Package: refcount 2019/12/15 v3.6 Data extraction from label references (HO)
)
(/usr/local/texlive/2020/texmf-dist/tex/generic/gettitlestring/gettitlestring.s
ty
Package: gettitlestring 2019/12/15 v1.6 Cleanup title references (HO)
)
\c@section@level=\count301
)
LaTeX Info: Redefining \ref on input line 41.
LaTeX Info: Redefining \pageref on input line 41.
LaTeX Info: Redefining \nameref on input line 41.
Package hyperref Info: Anchor `Doc-Start' on input line 41.
\c@lstlisting=\count302
 (/usr/local/texlive/2020/texmf-dist/tex/latex/listings/lstlang1.sty
File: lstlang1.sty 2020/03/24 1.8d listings language file
)
(/usr/local/texlive/2020/texmf-dist/tex/latex/listings/lstlang2.sty
File: lstlang2.sty 2020/03/24 1.8d listings language file
)
(/usr/local/texlive/2020/texmf-dist/tex/latex/listings/lstlang3.sty
File: lstlang3.sty 2020/03/24 1.8d listings language file
)
(/usr/local/texlive/2020/texmf-dist/tex/latex/listings/lstlang1.sty
File: lstlang1.sty 2020/03/24 1.8d listings language file
)
(/usr/local/texlive/2020/texmf-dist/tex/latex/listings/lstlang2.sty
File: lstlang2.sty 2020/03/24 1.8d listings language file
)
(/usr/local/texlive/2020/texmf-dist/tex/latex/listings/lstlang3.sty
File: lstlang3.sty 2020/03/24 1.8d listings language file
)
(/usr/local/texlive/2020/texmf-dist/tex/latex/listings/lstlang1.sty
File: lstlang1.sty 2020/03/24 1.8d listings language file
)
(/usr/local/texlive/2020/texmf-dist/tex/latex/listings/lstlang2.sty
File: lstlang2.sty 2020/03/24 1.8d listings language file
)
(/usr/local/texlive/2020/texmf-dist/tex/latex/listings/lstlang3.sty
File: lstlang3.sty 2020/03/24 1.8d listings language file
)
(/usr/local/texlive/2020/texmf-dist/tex/latex/listings/lstlang1.sty
File: lstlang1.sty 2020/03/24 1.8d listings language file
)
(/usr/local/texlive/2020/texmf-dist/tex/latex/listings/lstlang2.sty
File: lstlang2.sty 2020/03/24 1.8d listings language file
)
(/usr/local/texlive/2020/texmf-dist/tex/latex/listings/lstlang3.sty
File: lstlang3.sty 2020/03/24 1.8d listings language file
)
(/usr/local/texlive/2020/texmf-dist/tex/latex/listings/lstmisc.sty
File: lstmisc.sty 2020/03/24 1.8d (Carsten Heinz)
)
LaTeX Font Info:    Font shape `OT1/phv/m/n' will be
(Font)              scaled to size 5.10004pt on input line 65.
LaTeX Font Info:    Trying to load font information for TS1+ptm on input line 6
5.

(/usr/local/texlive/2020/texmf-dist/tex/latex/psnfss/ts1ptm.fd
File: ts1ptm.fd 2001/06/04 font definitions for TS1/ptm.
)
\rjp@boxa=\box54

Underfull \hbox (badness 10000) in paragraph at lines 67--67

 []

Package hyperref Info: Anchor `section.1' on input line 69.
Package hyperref Info: bookmark on input line 69:
(hyperref)             thecounter {1}
(hyperref)             text {\ifnum 1>\c@secnumdepth \else \protect \numberline
 {\csname thesection\endcsname }\fi \NoCaseChange {\LaTeX } compatibility}
(hyperref)             reference {section.1}
(hyperref)             toclevel {1}
(hyperref)             type {toc}.
Package hyperref Info: Anchor `page.1' on input line 74.
[1{/usr/local/texlive/2020/texmf-var/fonts/map/pdftex/updmap/pdftex.map}]
Package hyperref Info: Anchor `Item.1' on input line 77.
Package hyperref Info: Anchor `Item.2' on input line 78.
Package hyperref Info: Anchor `Item.3' on input line 79.
Package hyperref Info: Anchor `Item.4' on input line 81.
Package hyperref Info: Anchor `subsection.1.1' on input line 84.
Package hyperref Info: bookmark on input line 84:
(hyperref)             thecounter {1.1}
(hyperref)             text {\ifnum 2>\c@secnumdepth \else \protect \numberline
 {\csname thesubsection\endcsname }\fi Incompatible Packages}
(hyperref)             reference {subsection.1.1}
(hyperref)             toclevel {2}
(hyperref)             type {toc}.
Package hyperref Info: Anchor `lstlisting.-1' on input line 87.
Package hyperref Info: Anchor `lstnumber.-1.1' on input line 88.
LaTeX Font Info:    Trying to load font information for OMS+ptm on input line 8
8.

(/usr/local/texlive/2020/texmf-dist/tex/latex/psnfss/omsptm.fd
File: omsptm.fd 
)
LaTeX Font Info:    Font shape `OMS/ptm/m/n' in size <10> not available
(Font)              Font shape `OMS/cmsy/m/n' tried instead on input line 88.
Package hyperref Info: Anchor `subsection.1.2' on input line 93.
Package hyperref Info: bookmark on input line 93:
(hyperref)             thecounter {1.2}
(hyperref)             text {\ifnum 2>\c@secnumdepth \else \protect \numberline
 {\csname thesubsection\endcsname }\fi Automatically loaded packages}
(hyperref)             reference {subsection.1.2}
(hyperref)             toclevel {2}
(hyperref)             type {toc}.
\rjpHAbox=\box55
\rjpHAtestbox=\box56
Package hyperref Info: Anchor `page.2' on input line 96.
 [2]
LaTeX Font Info:    Trying to load font information for OMS+pcr on input line 9
7.

(/usr/local/texlive/2020/texmf-dist/tex/latex/psnfss/omspcr.fd
File: omspcr.fd 
)
LaTeX Font Info:    Font shape `OMS/pcr/m/n' in size <10> not available
(Font)              Font shape `OMS/cmsy/m/n' tried instead on input line 97.
Package hyperref Info: Anchor `lstlisting.-2' on input line 98.
Package hyperref Info: Anchor `lstnumber.-2.1' on input line 99.
LaTeX Font Info:    Trying to load font information for OML+ptm on input line 9
9.

(/usr/local/texlive/2020/texmf-dist/tex/latex/psnfss/omlptm.fd
File: omlptm.fd 
)
LaTeX Font Info:    Font shape `OML/ptm/m/it' in size <10> not available
(Font)              Font shape `OML/cmm/m/it' tried instead on input line 99.
Package hyperref Info: Anchor `subsection.1.3' on input line 106.
Package hyperref Info: bookmark on input line 106:
(hyperref)             thecounter {1.3}
(hyperref)             text {\ifnum 2>\c@secnumdepth \else \protect \numberline
 {\csname thesubsection\endcsname }\fi RJP style options}
(hyperref)             reference {subsection.1.3}
(hyperref)             toclevel {2}
(hyperref)             type {toc}.
Package hyperref Info: Anchor `page.3' on input line 115.
 [3]
Package hyperref Info: Anchor `section.2' on input line 119.
Package hyperref Info: bookmark on input line 119:
(hyperref)             thecounter {2}
(hyperref)             text {\ifnum 1>\c@secnumdepth \else \protect \numberline
 {\csname thesection\endcsname }\fi Specific Commands}
(hyperref)             reference {section.2}
(hyperref)             toclevel {1}
(hyperref)             type {toc}.
LaTeX Font Info:    Font shape `OMS/ptm/m/n' in size <10.95> not available
(Font)              Font shape `OMS/cmsy/m/n' tried instead on input line 123.
Package hyperref Info: Anchor `lstlisting.-3' on input line 124.
Package hyperref Info: Anchor `lstnumber.-3.1' on input line 125.
Package hyperref Info: Anchor `lstlisting.-4' on input line 134.
Package hyperref Info: Anchor `lstnumber.-4.1' on input line 135.
\rjpHAbox=\box57
\rjpHAtestbox=\box58
Package hyperref Info: Anchor `page.4' on input line 140.
 [4]
Package hyperref Info: Anchor `lstlisting.-5' on input line 140.
Package hyperref Info: Anchor `lstnumber.-5.1' on input line 141.
Package hyperref Info: Anchor `lstlisting.-6' on input line 147.
Package hyperref Info: Anchor `lstnumber.-6.1' on input line 148.
Package hyperref Info: Anchor `lstlisting.-7' on input line 155.
Package hyperref Info: Anchor `lstnumber.-7.1' on input line 156.
Package hyperref Info: Anchor `page.5' on input line 159.

[5]
Package hyperref Info: Anchor `lstlisting.-8' on input line 159.
Package hyperref Info: Anchor `lstnumber.-8.1' on input line 160.
Package hyperref Info: Anchor `lstlisting.-9' on input line 165.
Package hyperref Info: Anchor `lstnumber.-9.1' on input line 166.
Package hyperref Info: Anchor `section.3' on input line 170.
Package hyperref Info: bookmark on input line 170:
(hyperref)             thecounter {3}
(hyperref)             text {\ifnum 1>\c@secnumdepth \else \protect \numberline
 {\csname thesection\endcsname }\fi Examples for various Environments}
(hyperref)             reference {section.3}
(hyperref)             toclevel {1}
(hyperref)             type {toc}.
Package hyperref Info: Reference (link) `figure.1' on input line 172.
<./figs//xNLS_DAMI.png, id=59, 335.3328pt x 315.579pt>
File: ./figs//xNLS_DAMI.png Graphic file (type png)
<use ./figs//xNLS_DAMI.png>
Package pdftex.def Info: ./figs//xNLS_DAMI.png  used on input line 175.
(pdftex.def)             Requested size: 295.20113pt x 277.82593pt.
Package hyperref Info: bookmark on input line 176:
(hyperref)             thecounter {1}
(hyperref)             text {\protect \numberline {\csname the\@captype \endcsn
ame }{\ignorespaces This is a sample picture taken from RJP volume \textbf {50}
(1-2) from page 129 (2005).It illustrates (hashed areas) the instability domain
s for a series of nonlinear Schr\"odinger equations determined using the determ
inistic approach to modulational instability.}}
(hyperref)             reference {figure.1}
(hyperref)             toclevel {0}
(hyperref)             type {lof}.
Package hyperref Info: Anchor `figure.1' on input line 176.
Package hyperref Info: Anchor `figure.1' on input line 176.
Package hyperref Info: Reference (link) `table.1' on input line 180.
Package hyperref Info: bookmark on input line 183:
(hyperref)             thecounter {1}
(hyperref)             text {\protect \numberline {\csname the\@captype \endcsn
ame }{\ignorespaces This table is taken from RJP volume \textbf {50}(1-2) from 
page 43 (2005). It gives the `` \textit {number of bound states dependence on t
he radius of space curvature for $\alpha = 0.005$, $U_0 = 1$}''.}}
(hyperref)             reference {table.1}
(hyperref)             toclevel {0}
(hyperref)             type {lot}.
Package hyperref Info: Anchor `table.1' on input line 183.
Package hyperref Info: Anchor `table.1' on input line 183.
Package hyperref Info: Reference (link) `equation.3.1' on input line 199.
Package hyperref Info: Reference (link) `equation.3.2' on input line 199.
Package hyperref Info: Reference (link) `equation.3.3' on input line 200.
Package hyperref Info: Reference (link) `equation.3.4' on input line 200.
Package hyperref Info: Anchor `equation.3.1' on input line 201.
\rjpHAbox=\box59
\rjpHAtestbox=\box60
Package hyperref Info: Anchor `page.6' on input line 201.
 [6
Package `hyperref' Info: End of reference (link) `figure.1', line 172.
Package `hyperref' Info: End of reference (link) `table.1', line 180.
]
Package hyperref Info: Anchor `equation.3.2' on input line 208.
Package hyperref Info: Anchor `equation.3.2' on input line 208.
Package hyperref Info: Anchor `equation.3.2' on input line 208.
Package hyperref Info: Anchor `equation.3.2' on input line 208.


Class rjparticle Warning: Please, avoid using 'eqnarray' environment! Replace w
ith AMS environments like 'align', 'gather', 'multline', 'split' and so on. on 
input line 214.

Package hyperref Info: Anchor `equation.3.3' on input line 215.

Underfull \vbox (badness 10000) has occurred while \output is active []

Package hyperref Info: Anchor `page.7' on input line 221.
 [7
Package `hyperref' Info: End of reference (link) `equation.3.1', line 199.
Package `hyperref' Info: End of reference (link) `equation.3.2', line 199.
Package `hyperref' Info: End of reference (link) `equation.3.3', line 200.
Package `hyperref' Info: End of reference (link) `equation.3.4', line 200.
 <./figs//xNLS_DAMI.png>]
Package hyperref Info: Anchor `equation.3.4' on input line 228.
Package hyperref Info: Anchor `equation.3.5' on input line 232.
Package hyperref Info: Anchor `equation.3.5a' on input line 250.
Package hyperref Info: Anchor `equation.3.5b' on input line 250.
Package hyperref Info: Anchor `equation.3.5c' on input line 250.
Package hyperref Info: Anchor `equation.3.5d' on input line 250.
Package hyperref Info: Anchor `equation.3.5e' on input line 250.
Package hyperref Info: Reference (cite) `cite.amsug' on input line 252.
Package hyperref Info: Reference (cite) `cite.amsug' on input line 252.
Package hyperref Info: Reference (link) `equation.3.5' on input line 252.
Package hyperref Info: Reference (link) `equation.3.5c' on input line 252.
Package hyperref Info: Anchor `section.4' on input line 254.
Package hyperref Info: bookmark on input line 254:
(hyperref)             thecounter {4}
(hyperref)             text {\ifnum 1>\c@secnumdepth \else \protect \numberline
 {\csname thesection\endcsname }\fi Instead of Conclusions}
(hyperref)             reference {section.4}
(hyperref)             toclevel {1}
(hyperref)             type {toc}.
\rjpHAbox=\box61
\rjpHAtestbox=\box62
Package hyperref Info: Anchor `page.8' on input line 258.
 [8
Package `hyperref' Info: End of reference (cite) `cite.amsug', line 252.
Package `hyperref' Info: End of reference (cite) `cite.amsug', line 252.
Package `hyperref' Info: End of reference (link) `equation.3.5', line 252.
Package `hyperref' Info: End of reference (link) `equation.3.5c', line 252.
]
Package hyperref Info: Reference (cite) `cite.nobelphys1' on input line 263.
Package hyperref Info: Reference (cite) `cite.nobelphys3' on input line 263.
Package hyperref Info: Reference (cite) `cite.fields1' on input line 263.
Package hyperref Info: Reference (cite) `cite.fields3' on input line 263.
Package hyperref Info: Anchor `section.5' on input line 265.
Package hyperref Info: bookmark on input line 265:
(hyperref)             thecounter {5}
(hyperref)             text {\ifnum 1>\c@secnumdepth \else \protect \numberline
 {\csname thesection\endcsname }\fi Log of changes}
(hyperref)             reference {section.5}
(hyperref)             toclevel {1}
(hyperref)             type {toc}.
Package hyperref Info: Anchor `subsection.5.1' on input line 267.
Package hyperref Info: bookmark on input line 267:
(hyperref)             thecounter {5.1}
(hyperref)             text {\ifnum 2>\c@secnumdepth \else \protect \numberline
 {\csname thesubsection\endcsname }\fi \NoCaseChange {\texttt {version 2.0 r201
8a}}}
(hyperref)             reference {subsection.5.1}
(hyperref)             toclevel {2}
(hyperref)             type {toc}.
Package hyperref Info: Anchor `subsection.5.2' on input line 272.
Package hyperref Info: bookmark on input line 272:
(hyperref)             thecounter {5.2}
(hyperref)             text {\ifnum 2>\c@secnumdepth \else \protect \numberline
 {\csname thesubsection\endcsname }\fi \NoCaseChange {\texttt {version 2.0 r201
7b}}}
(hyperref)             reference {subsection.5.2}
(hyperref)             toclevel {2}
(hyperref)             type {toc}.
Package hyperref Info: Anchor `subsection.5.3' on input line 277.
Package hyperref Info: bookmark on input line 277:
(hyperref)             thecounter {5.3}
(hyperref)             text {\ifnum 2>\c@secnumdepth \else \protect \numberline
 {\csname thesubsection\endcsname }\fi \NoCaseChange {\texttt {version 1.1 r201
6a}}}
(hyperref)             reference {subsection.5.3}
(hyperref)             toclevel {2}
(hyperref)             type {toc}.
LaTeX Font Info:    Font shape `OMS/pcr/m/n' in size <10.95> not available
(Font)              Font shape `OMS/cmsy/m/n' tried instead on input line 280.
Package hyperref Info: Anchor `page.9' on input line 281.
 [9
Package `hyperref' Info: End of reference (cite) `cite.nobelphys1', line 263.
Package `hyperref' Info: End of reference (cite) `cite.nobelphys3', line 263.
Package `hyperref' Info: End of reference (cite) `cite.fields1', line 263.
Package `hyperref' Info: End of reference (cite) `cite.fields3', line 263.
]
Package hyperref Info: Anchor `subsection.5.4' on input line 283.
Package hyperref Info: bookmark on input line 283:
(hyperref)             thecounter {5.4}
(hyperref)             text {\ifnum 2>\c@secnumdepth \else \protect \numberline
 {\csname thesubsection\endcsname }\fi \NoCaseChange {\texttt {version 1.1 r201
5a}}}
(hyperref)             reference {subsection.5.4}
(hyperref)             toclevel {2}
(hyperref)             type {toc}.
Package hyperref Info: Anchor `subsection.5.5' on input line 294.
Package hyperref Info: bookmark on input line 294:
(hyperref)             thecounter {5.5}
(hyperref)             text {\ifnum 2>\c@secnumdepth \else \protect \numberline
 {\csname thesubsection\endcsname }\fi \NoCaseChange {\texttt {version 1.0 r201
3b}, class date: November, 2013}}
(hyperref)             reference {subsection.5.5}
(hyperref)             toclevel {2}
(hyperref)             type {toc}.
Package hyperref Info: Anchor `subsection.5.6' on input line 300.
Package hyperref Info: bookmark on input line 300:
(hyperref)             thecounter {5.6}
(hyperref)             text {\ifnum 2>\c@secnumdepth \else \protect \numberline
 {\csname thesubsection\endcsname }\fi \NoCaseChange {\texttt {version 1.0 r201
3a}, class date: February 9, 2013}}
(hyperref)             reference {subsection.5.6}
(hyperref)             toclevel {2}
(hyperref)             type {toc}.
Package hyperref Info: Anchor `subsection.5.7' on input line 305.
Package hyperref Info: bookmark on input line 305:
(hyperref)             thecounter {5.7}
(hyperref)             text {\ifnum 2>\c@secnumdepth \else \protect \numberline
 {\csname thesubsection\endcsname }\fi Release \NoCaseChange {2012c}}
(hyperref)             reference {subsection.5.7}
(hyperref)             toclevel {2}
(hyperref)             type {toc}.
Package hyperref Info: Anchor `section.6' on input line 312.
Package hyperref Info: bookmark on input line 312:
(hyperref)             thecounter {6}
(hyperref)             text {\ifnum 1>\c@secnumdepth \else \protect \numberline
 {\csname thesection\endcsname }\fi Macros available in \NoCaseChange {\textit 
{rjp\_mathdefs.tex}}}
(hyperref)             reference {section.6}
(hyperref)             toclevel {1}
(hyperref)             type {toc}.
\rjpHAbox=\box63
\rjpHAtestbox=\box64
Package hyperref Info: Anchor `page.10' on input line 315.
 [10]
Package hyperref Info: Anchor `page.11' on input line 337.
 [11]
Package hyperref Info: Reference (cite) `cite.dknuthhp' on input line 348.
Package hyperref Info: Reference (cite) `cite.knuth' on input line 348.
Package hyperref Info: Reference (cite) `cite.teximpacient' on input line 348.
Package hyperref Info: Reference (cite) `cite.leslie' on input line 348.
Package hyperref Info: Reference (cite) `cite.mittelbach' on input line 348.
Package hyperref Info: Reference (cite) `cite.ltexclass2' on input line 348.
Package hyperref Info: Reference (cite) `cite.eijkhout' on input line 349.
Package hyperref Info: Reference (cite) `cite.texrefex' on input line 349.
Package hyperref Info: Reference (cite) `cite.tug' on input line 349.
Package hyperref Info: Reference (cite) `cite.pagelayout' on input line 349.
Package hyperref Info: Reference (cite) `cite.stacko' on input line 349.
Package hyperref Info: Anchor `section*.1' on input line 352.
Package hyperref Info: bookmark on input line 352:
(hyperref)             thecounter {\thechapter }
(hyperref)             text {\refname }
(hyperref)             reference {section*.1}
(hyperref)             toclevel {0}
(hyperref)             type {toc}.
Package hyperref Info: Anchor `cite.knuth' on input line 353.
Package hyperref Info: Anchor `cite.dknuthhp' on input line 355.
Package hyperref Info: Anchor `cite.eijkhout' on input line 357.
Package hyperref Info: Anchor `cite.texcookbook' on input line 359.
Package hyperref Info: Anchor `cite.texrefex' on input line 361.

Overfull \hbox (4.8513pt too wide) in paragraph at lines 361--363
[]\OT1/ptm/m/n/9 D. Bausum, ``\OT1/ptm/m/it/9 T[]X: Ref-er-ence and Ex-am-ples\
OT1/ptm/m/n/9 '' ([]\OT1/pcr/m/n/10 www.tug.org/utilities/plain/cseq.html[][]\O
T1/ptm/m/n/9 ). 
 []

Package hyperref Info: Anchor `cite.teximpacient' on input line 364.
Package hyperref Info: Anchor `cite.tug' on input line 366.
Package hyperref Info: Anchor `cite.leslie' on input line 368.
Package hyperref Info: Anchor `cite.mittelbach' on input line 370.
Package hyperref Info: Anchor `cite.ltexclass' on input line 372.
Package hyperref Info: Anchor `cite.ltexshort' on input line 374.
Package hyperref Info: Anchor `cite.ltexclass2' on input line 376.
Package hyperref Info: Anchor `cite.pagelayout' on input line 378.
Package hyperref Info: Anchor `cite.web1' on input line 380.
Package hyperref Info: Anchor `cite.web2' on input line 382.
Package hyperref Info: Anchor `cite.web3' on input line 384.
Package hyperref Info: Anchor `cite.web4' on input line 386.

Underfull \vbox (badness 10000) has occurred while \output is active []

\rjpHAbox=\box65
\rjpHAtestbox=\box66
Package hyperref Info: Anchor `page.12' on input line 387.
 [12
Package `hyperref' Info: End of reference (cite) `cite.dknuthhp', line 348.
Package `hyperref' Info: End of reference (cite) `cite.knuth', line 348.
Package `hyperref' Info: End of reference (cite) `cite.teximpacient', line 348.

Package `hyperref' Info: End of reference (cite) `cite.leslie', line 348.
Package `hyperref' Info: End of reference (cite) `cite.mittelbach', line 348.
Package `hyperref' Info: End of reference (cite) `cite.ltexclass2', line 348.
Package `hyperref' Info: End of reference (cite) `cite.eijkhout', line 349.
Package `hyperref' Info: End of reference (cite) `cite.texrefex', line 349.
Package `hyperref' Info: End of reference (cite) `cite.tug', line 349.
Package `hyperref' Info: End of reference (cite) `cite.pagelayout', line 349.
Package `hyperref' Info: End of reference (cite) `cite.stacko', line 349.
Package `hyperref' Info: End of reference (link) `table.1', line 180.
Package `hyperref' Info: End of reference (link) `table.1', line 180.
Package `hyperref' Info: End of reference (link) `table.1', line 180.
Package `hyperref' Info: End of reference (link) `table.1', line 180.
Package `hyperref' Info: End of reference (link) `table.1', line 180.
Package `hyperref' Info: End of reference (link) `table.1', line 180.
Package `hyperref' Info: End of reference (link) `table.1', line 180.
Package `hyperref' Info: End of reference (link) `table.1', line 180.
]
Package hyperref Info: Anchor `cite.web5' on input line 388.
Package hyperref Info: Anchor `cite.web6' on input line 390.
Package hyperref Info: Anchor `cite.web7' on input line 392.
Package hyperref Info: Anchor `cite.web8' on input line 394.
Package hyperref Info: Anchor `cite.stacko' on input line 396.
Package hyperref Info: Anchor `cite.amsug' on input line 398.

Overfull \hbox (11.67978pt too wide) in paragraph at lines 398--399
[]\OT1/ptm/m/n/9 User's Guide for the \OT1/ptm/m/it/9 ams-math \OT1/ptm/m/n/9 P
ack-age: []\OT1/pcr/m/n/10 ftp.ams.org/pub/tex/doc/amsmath/amsldoc.pdf[][]\OT1/
ptm/m/n/9 . 
 []

Package hyperref Info: Anchor `cite.nobelphys1' on input line 400.
Package hyperref Info: Anchor `cite.nobelphys2' on input line 402.
Package hyperref Info: Anchor `cite.nobelphys3' on input line 404.
Package hyperref Info: Anchor `cite.fields1' on input line 406.
Package hyperref Info: Anchor `cite.fields2' on input line 408.
Package hyperref Info: Anchor `cite.fields3' on input line 410.
Package hyperref Info: Anchor `page.13' on input line 415.
[13
Package `hyperref' Info: End of reference (link) `table.1', line 180.
Package `hyperref' Info: End of reference (link) `table.1', line 180.
Package `hyperref' Info: End of reference (link) `table.1', line 180.
Package `hyperref' Info: End of reference (link) `table.1', line 180.
Package `hyperref' Info: End of reference (link) `table.1', line 180.
Package `hyperref' Info: End of reference (link) `table.1', line 180.
Package `hyperref' Info: End of reference (link) `table.1', line 180.
] (./draft.aux) ) 
Here is how much of TeX's memory you used:
 11109 strings out of 479382
 157803 string characters out of 5869369
 685561 words of memory out of 5000000
 27908 multiletter control sequences out of 15000+600000
 440312 words of font info for 104 fonts, out of 8000000 for 9000
 1142 hyphenation exceptions out of 8191
 79i,16n,85p,1060b,2569s stack positions out of 5000i,500n,10000p,200000b,80000s
{/usr/local/texlive/2020/texmf-dist/fonts/enc/dvips/base/8r.en
c}</usr/local/texlive/2020/texmf-dist/fonts/type1/public/amsfonts/cm/cmex10.pfb
></usr/local/texlive/2020/texmf-dist/fonts/type1/public/amsfonts/cm/cmmi10.pfb>
</usr/local/texlive/2020/texmf-dist/fonts/type1/public/amsfonts/cm/cmmi7.pfb></
usr/local/texlive/2020/texmf-dist/fonts/type1/public/amsfonts/cm/cmmi8.pfb></us
r/local/texlive/2020/texmf-dist/fonts/type1/public/amsfonts/cm/cmmi9.pfb></usr/
local/texlive/2020/texmf-dist/fonts/type1/public/amsfonts/cm/cmr10.pfb></usr/lo
cal/texlive/2020/texmf-dist/fonts/type1/public/amsfonts/cm/cmr7.pfb></usr/local
/texlive/2020/texmf-dist/fonts/type1/public/amsfonts/cm/cmr8.pfb></usr/local/te
xlive/2020/texmf-dist/fonts/type1/public/amsfonts/cm/cmr9.pfb></usr/local/texli
ve/2020/texmf-dist/fonts/type1/public/amsfonts/cm/cmsy10.pfb></usr/local/texliv
e/2020/texmf-dist/fonts/type1/public/amsfonts/cm/cmsy8.pfb></usr/local/texlive/
2020/texmf-dist/fonts/type1/public/amsfonts/euler/eurm10.pfb></usr/local/texliv
e/2020/texmf-dist/fonts/type1/urw/courier/ucrr8a.pfb></usr/local/texlive/2020/t
exmf-dist/fonts/type1/urw/helvetic/uhvr8a.pfb></usr/local/texlive/2020/texmf-di
st/fonts/type1/urw/times/utmb8a.pfb></usr/local/texlive/2020/texmf-dist/fonts/t
ype1/urw/times/utmbi8a.pfb></usr/local/texlive/2020/texmf-dist/fonts/type1/urw/
times/utmr8a.pfb></usr/local/texlive/2020/texmf-dist/fonts/type1/urw/times/utmr
i8a.pfb>
Output written on draft.pdf (13 pages, 478891 bytes).
PDF statistics:
 279 PDF objects out of 1000 (max. 8388607)
 242 compressed objects within 3 object streams
 94 named destinations out of 1000 (max. 500000)
 6 words of extra memory for PDF output out of 10000 (max. 10000000)

